********************************************************************************
DUPLICATOR-LITE PACKAGE-LOG: 10 May 2022 13 h 19 min
NOTICE: Do NOT post to public sites or forums 
********************************************************************************
VERSION:	1.4.2
WORDPRESS:	5.8
PHP INFO:	7.4.22 | SAPI: apache2handler
SERVER:		Apache/2.4.38 (Debian) 
PHP TIME LIMIT: (0) no time limit imposed 
PHP MAX MEMORY: 4294967296 (64M default) 
MEMORY STACK: 2MB

********************************************************************************
DATABASE:
********************************************************************************
BUILD MODE:   PHP(query limit - 100)
MYSQLTIMEOUT: 5000
MYSQLDUMP:    Not Supported
TABLES: total:19 | filtered:0 | create:19
FILTERED: []
SQL CREATED: 20220510_esterel_d714390a95ff84796660_20220510131834_database.sql
SQL FILE SIZE: 1.93MB (2022625)
SQL FILE TIME: 2022-05-10 13:19:47
SQL RUNTIME: 0.43 sec.

********************************************************************************
ARCHIVE (ZIP):
********************************************************************************
ARCHIVE DIR:  /var/www/html
ARCHIVE FILE: 20220510_esterel_d714390a95ff84796660_20220510131834_archive.zip
FILTERS: *OFF*
DIRS:
	not set
FILES:
	not set
EXTS:  not set
----------------------------------------
COMPRESSING
SIZE:	156.73MB
STATS:	Dirs 875 | Files 6,387
SQL ADDED: 20220510_esterel_d714390a95ff84796660_20220510131834_database.sql
ZipArchive Object
(
    [status] => 0
    [statusSys] => 0
    [numFiles] => 7262
    [filename] => /var/www/html/wp-content/backups-dup-lite/tmp/20220510_esterel_d714390a95ff84796660_20220510131834_archive.zip
    [comment] => 
)

FILE ADDED TO ZIP: 7261
[PHP ERR][NOTICE] MSG:ob_flush(): failed to flush buffer. No buffer to flush [CODE:8|FILE:/var/www/html/wp-content/plugins/duplicator/classes/utilities/class.u.php|LINE:171]
do_action('wp_ajax_duplicator_package_build'), WP_Hook->do_action, WP_Hook->apply_filters, duplicator_package_build, DUP_Package->runZipBuild, DUP_Archive->build, DUP_Zip::create, DUP_Util::fcgiFlush, ob_flush, DUP_Handler::error, DUP_Handler::getMessage
COMPRESSION RESULT: '1'
COMPRESSED SIZE: 74.77MB
ARCHIVE RUNTIME: 88.07 sec.
MEMORY STACK: 4MB
building installer
add_extra_files1
add_extra_files2
add_extra_files3
add_extra_files4
Doing archive file check
add_extra_files5
add_extra_files6
add_extra_files8
Successfully opened zip /var/www/html/wp-content/backups-dup-lite/tmp/20220510_esterel_d714390a95ff84796660_20220510131834_archive.zip
Adding enhanced installer files to archive using ZipArchive
Installer files added to archive
Added to archive
After ziparchive close when adding installer

********************************************************************************
INTEGRITY CHECKS:
********************************************************************************
SQL FILE: 1.93MB
INSTALLER FILE: 64.26KB
ARCHIVE FILE: 76.15MB 
EXPECTED FILE/DIRECTORY COUNT: 7,262
ACTUAL FILE/DIRECTORY COUNT: 7,261
ARCHIVE CONSISTENCY TEST: Pass

********************************************************************************
RECORD ID:[1]
TOTAL PROCESS RUNTIME: 116.23 sec.
PEAK PHP MEMORY USED: 8MB
DONE PROCESSING => 20220510_esterel 10 May 2022 13 h 21 min

